2019-05-13 08:45:25.370  WARN 16544 --- [HikariPool-1 housekeeper] com.zaxxer.hikari.pool.HikariPool        : HikariPool-1 - Thread starvation or clock leap detected (housekeeper delta=8h28m44s246ms496µs100ns).
2019-05-13 12:06:47.786 DEBUG 16544 --- [http-nio-8080-exec-2] o.s.web.servlet.DispatcherServlet        : POST "/login", parameters={}
2019-05-13 12:06:47.835 DEBUG 16544 --- [http-nio-8080-exec-2] s.w.s.m.m.a.RequestMappingHandlerMapping : Mapped to public org.springframework.http.ResponseEntity<?> edu.hust.controller.AccountController.checkLogin(java.lang.String)
2019-05-13 12:06:47.900 DEBUG 16544 --- [http-nio-8080-exec-2] m.m.a.RequestResponseBodyMethodProcessor : Read "application/json;charset=UTF-8" to ["{"password":"1234","email":"admin@gmail.com"}"]
2019-05-13 12:06:48.130 DEBUG 16544 --- [http-nio-8080-exec-2] o.s.w.s.m.m.a.HttpEntityMethodProcessor  : Using 'application/json', given [text/plain, application/json, application/*+json, */*] and supported [application/json, application/*+json, application/json, application/*+json]
2019-05-13 12:06:48.132 DEBUG 16544 --- [http-nio-8080-exec-2] o.s.w.s.m.m.a.HttpEntityMethodProcessor  : Writing [edu.hust.model.Account@75188084]
2019-05-13 12:06:48.173 DEBUG 16544 --- [http-nio-8080-exec-2] o.s.web.servlet.DispatcherServlet        : Completed 200 OK
2019-05-13 14:21:39.673 DEBUG 16544 --- [http-nio-8080-exec-4] o.s.web.servlet.DispatcherServlet        : POST "/login", parameters={}
2019-05-13 14:21:39.705 DEBUG 16544 --- [http-nio-8080-exec-4] s.w.s.m.m.a.RequestMappingHandlerMapping : Mapped to public org.springframework.http.ResponseEntity<?> edu.hust.controller.AccountController.checkLogin(java.lang.String)
2019-05-13 14:21:39.771 DEBUG 16544 --- [http-nio-8080-exec-4] m.m.a.RequestResponseBodyMethodProcessor : Read "application/json;charset=UTF-8" to ["{"password":"1234","email":"admin@gmail.com"}"]
2019-05-13 14:21:39.987 DEBUG 16544 --- [http-nio-8080-exec-4] o.s.w.s.m.m.a.HttpEntityMethodProcessor  : Using 'application/json', given [text/plain, application/json, application/*+json, */*] and supported [application/json, application/*+json, application/json, application/*+json]
2019-05-13 14:21:39.988 DEBUG 16544 --- [http-nio-8080-exec-4] o.s.w.s.m.m.a.HttpEntityMethodProcessor  : Writing [edu.hust.model.Account@76682d8f]
2019-05-13 14:21:40.008 DEBUG 16544 --- [http-nio-8080-exec-4] o.s.web.servlet.DispatcherServlet        : Completed 200 OK
2019-05-13 14:21:46.680 DEBUG 16544 --- [http-nio-8080-exec-6] o.s.web.servlet.DispatcherServlet        : GET "/semesters/all", parameters={}
2019-05-13 14:21:46.682 DEBUG 16544 --- [http-nio-8080-exec-6] s.w.s.m.m.a.RequestMappingHandlerMapping : Mapped to public org.springframework.http.ResponseEntity<?> edu.hust.controller.SemesterController.getAllSemester()
2019-05-13 14:21:46.767 DEBUG 16544 --- [http-nio-8080-exec-6] o.s.w.s.m.m.a.HttpEntityMethodProcessor  : Using 'application/json', given [application/json, application/*+json] and supported [application/json, application/*+json, application/json, application/*+json]
2019-05-13 14:21:46.768 DEBUG 16544 --- [http-nio-8080-exec-6] o.s.w.s.m.m.a.HttpEntityMethodProcessor  : Writing [[edu.hust.model.Semester@7e733bbf, edu.hust.model.Semester@112de39a, edu.hust.model.Semester@386fe45 (truncated)...]
2019-05-13 14:21:46.773 DEBUG 16544 --- [http-nio-8080-exec-6] o.s.web.servlet.DispatcherServlet        : Completed 200 OK
2019-05-13 14:21:49.145 DEBUG 16544 --- [http-nio-8080-exec-7] s.w.s.m.m.a.RequestMappingHandlerMapping : Mapped to public org.springframework.http.ResponseEntity<?> edu.hust.controller.ReportController.getStudentGeneralReport(int,java.lang.String)
2019-05-13 14:21:49.168 DEBUG 16544 --- [http-nio-8080-exec-8] s.w.s.m.m.a.RequestMappingHandlerMapping : Mapped to public org.springframework.http.ResponseEntity<?> edu.hust.controller.ReportController.getStudentGeneralReport(int,java.lang.String)
2019-05-13 14:21:49.170 DEBUG 16544 --- [http-nio-8080-exec-8] o.s.web.servlet.DispatcherServlet        : POST "/studentGeneralReport?adminID=-1", parameters={masked}
2019-05-13 14:21:49.172 DEBUG 16544 --- [http-nio-8080-exec-8] s.w.s.m.m.a.RequestMappingHandlerMapping : Mapped to public org.springframework.http.ResponseEntity<?> edu.hust.controller.ReportController.getStudentGeneralReport(int,java.lang.String)
2019-05-13 14:21:49.184 DEBUG 16544 --- [http-nio-8080-exec-8] m.m.a.RequestResponseBodyMethodProcessor : Read "application/json;charset=UTF-8" to ["{"email":"","semesterID":"1","beginAt":"","finishAt":"","fileType":"pdf"}"]
2019-05-13 14:21:49.189 DEBUG 16544 --- [http-nio-8080-exec-8] o.s.w.s.m.m.a.HttpEntityMethodProcessor  : Using 'application/json', given [application/json, text/javascript, */*;q=0.01] and supported [application/json, application/*+json, application/json, application/*+json]
2019-05-13 14:21:49.189 DEBUG 16544 --- [http-nio-8080-exec-8] o.s.w.s.m.m.a.HttpEntityMethodProcessor  : Writing [{"errorCode" : "110", "description" : "Get report failed because Id can not be less than 1!"}]
2019-05-13 14:21:49.192 DEBUG 16544 --- [http-nio-8080-exec-8] o.s.web.servlet.DispatcherServlet        : Completed 400 BAD_REQUEST
2019-05-13 14:21:57.019 DEBUG 16544 --- [http-nio-8080-exec-10] s.w.s.m.m.a.RequestMappingHandlerMapping : Mapped to public org.springframework.http.ResponseEntity<?> edu.hust.controller.ReportController.getStudentGeneralReport(int,java.lang.String)
2019-05-13 14:21:57.022 DEBUG 16544 --- [http-nio-8080-exec-10] o.s.web.servlet.DispatcherServlet        : POST "/studentGeneralReport?adminID=-1", parameters={masked}
2019-05-13 14:21:57.022 DEBUG 16544 --- [http-nio-8080-exec-10] s.w.s.m.m.a.RequestMappingHandlerMapping : Mapped to public org.springframework.http.ResponseEntity<?> edu.hust.controller.ReportController.getStudentGeneralReport(int,java.lang.String)
2019-05-13 14:21:57.027 DEBUG 16544 --- [http-nio-8080-exec-10] m.m.a.RequestResponseBodyMethodProcessor : Read "application/json;charset=UTF-8" to ["{"email":"","semesterID":"1","beginAt":"","finishAt":"","fileType":"xls"}"]
2019-05-13 14:21:57.028 DEBUG 16544 --- [http-nio-8080-exec-10] o.s.w.s.m.m.a.HttpEntityMethodProcessor  : Using 'application/json', given [application/json, text/javascript, */*;q=0.01] and supported [application/json, application/*+json, application/json, application/*+json]
2019-05-13 14:21:57.029 DEBUG 16544 --- [http-nio-8080-exec-10] o.s.w.s.m.m.a.HttpEntityMethodProcessor  : Writing [{"errorCode" : "110", "description" : "Get report failed because Id can not be less than 1!"}]
2019-05-13 14:21:57.031 DEBUG 16544 --- [http-nio-8080-exec-10] o.s.web.servlet.DispatcherServlet        : Completed 400 BAD_REQUEST
2019-05-13 14:21:58.078 DEBUG 16544 --- [http-nio-8080-exec-1] s.w.s.m.m.a.RequestMappingHandlerMapping : Mapped to public org.springframework.http.ResponseEntity<?> edu.hust.controller.ReportController.getStudentGeneralReport(int,java.lang.String)
2019-05-13 14:21:58.079 DEBUG 16544 --- [http-nio-8080-exec-1] o.s.web.servlet.DispatcherServlet        : POST "/studentGeneralReport?adminID=-1", parameters={masked}
2019-05-13 14:21:58.080 DEBUG 16544 --- [http-nio-8080-exec-1] s.w.s.m.m.a.RequestMappingHandlerMapping : Mapped to public org.springframework.http.ResponseEntity<?> edu.hust.controller.ReportController.getStudentGeneralReport(int,java.lang.String)
2019-05-13 14:21:58.083 DEBUG 16544 --- [http-nio-8080-exec-1] m.m.a.RequestResponseBodyMethodProcessor : Read "application/json;charset=UTF-8" to ["{"email":"","semesterID":"1","beginAt":"","finishAt":"","fileType":"xls"}"]
2019-05-13 14:21:58.086 DEBUG 16544 --- [http-nio-8080-exec-1] o.s.w.s.m.m.a.HttpEntityMethodProcessor  : Using 'application/json', given [application/json, text/javascript, */*;q=0.01] and supported [application/json, application/*+json, application/json, application/*+json]
2019-05-13 14:21:58.086 DEBUG 16544 --- [http-nio-8080-exec-1] o.s.w.s.m.m.a.HttpEntityMethodProcessor  : Writing [{"errorCode" : "110", "description" : "Get report failed because Id can not be less than 1!"}]
2019-05-13 14:21:58.089 DEBUG 16544 --- [http-nio-8080-exec-1] o.s.web.servlet.DispatcherServlet        : Completed 400 BAD_REQUEST
2019-05-13 14:22:10.548 DEBUG 16544 --- [http-nio-8080-exec-2] s.w.s.m.m.a.RequestMappingHandlerMapping : Mapped to public org.springframework.http.ResponseEntity<?> edu.hust.controller.ReportController.getStudentGeneralReport(int,java.lang.String)
2019-05-13 14:22:10.551 DEBUG 16544 --- [http-nio-8080-exec-2] o.s.web.servlet.DispatcherServlet        : POST "/studentGeneralReport?adminID=-1", parameters={masked}
2019-05-13 14:22:10.553 DEBUG 16544 --- [http-nio-8080-exec-2] s.w.s.m.m.a.RequestMappingHandlerMapping : Mapped to public org.springframework.http.ResponseEntity<?> edu.hust.controller.ReportController.getStudentGeneralReport(int,java.lang.String)
2019-05-13 14:22:10.556 DEBUG 16544 --- [http-nio-8080-exec-2] m.m.a.RequestResponseBodyMethodProcessor : Read "application/json;charset=UTF-8" to ["{"email":"admin@gmail.com","semesterID":"1","beginAt":"2019-04-28","finishAt":"2019-05-13","fileTyp (truncated)...]
2019-05-13 14:22:10.557 DEBUG 16544 --- [http-nio-8080-exec-2] o.s.w.s.m.m.a.HttpEntityMethodProcessor  : Using 'application/json', given [application/json, text/javascript, */*;q=0.01] and supported [application/json, application/*+json, application/json, application/*+json]
2019-05-13 14:22:10.558 DEBUG 16544 --- [http-nio-8080-exec-2] o.s.w.s.m.m.a.HttpEntityMethodProcessor  : Writing [{"errorCode" : "110", "description" : "Get report failed because Id can not be less than 1!"}]
2019-05-13 14:22:10.561 DEBUG 16544 --- [http-nio-8080-exec-2] o.s.web.servlet.DispatcherServlet        : Completed 400 BAD_REQUEST
2019-05-13 14:26:17.513 DEBUG 16544 --- [http-nio-8080-exec-3] s.w.s.m.m.a.RequestMappingHandlerMapping : Mapped to public org.springframework.http.ResponseEntity<?> edu.hust.controller.ReportController.getStudentGeneralReport(int,java.lang.String)
2019-05-13 14:26:17.518 DEBUG 16544 --- [http-nio-8080-exec-3] o.s.web.servlet.DispatcherServlet        : POST "/studentGeneralReport?adminID=-1", parameters={masked}
2019-05-13 14:26:17.520 DEBUG 16544 --- [http-nio-8080-exec-3] s.w.s.m.m.a.RequestMappingHandlerMapping : Mapped to public org.springframework.http.ResponseEntity<?> edu.hust.controller.ReportController.getStudentGeneralReport(int,java.lang.String)
2019-05-13 14:26:17.527 DEBUG 16544 --- [http-nio-8080-exec-3] m.m.a.RequestResponseBodyMethodProcessor : Read "application/json;charset=UTF-8" to ["{"email":"admin@gmail.com","semesterID":"9","beginAt":"2019-04-28","finishAt":"2019-05-13","fileTyp (truncated)...]
2019-05-13 14:26:17.532 DEBUG 16544 --- [http-nio-8080-exec-3] o.s.w.s.m.m.a.HttpEntityMethodProcessor  : Using 'application/json', given [application/json, text/javascript, */*;q=0.01] and supported [application/json, application/*+json, application/json, application/*+json]
2019-05-13 14:26:17.532 DEBUG 16544 --- [http-nio-8080-exec-3] o.s.w.s.m.m.a.HttpEntityMethodProcessor  : Writing [{"errorCode" : "110", "description" : "Get report failed because Id can not be less than 1!"}]
2019-05-13 14:26:17.541 DEBUG 16544 --- [http-nio-8080-exec-3] o.s.web.servlet.DispatcherServlet        : Completed 400 BAD_REQUEST
2019-05-13 14:26:18.394 DEBUG 16544 --- [http-nio-8080-exec-4] s.w.s.m.m.a.RequestMappingHandlerMapping : Mapped to public org.springframework.http.ResponseEntity<?> edu.hust.controller.ReportController.getStudentGeneralReport(int,java.lang.String)
2019-05-13 14:26:18.400 DEBUG 16544 --- [http-nio-8080-exec-4] o.s.web.servlet.DispatcherServlet        : POST "/studentGeneralReport?adminID=-1", parameters={masked}
2019-05-13 14:26:18.403 DEBUG 16544 --- [http-nio-8080-exec-4] s.w.s.m.m.a.RequestMappingHandlerMapping : Mapped to public org.springframework.http.ResponseEntity<?> edu.hust.controller.ReportController.getStudentGeneralReport(int,java.lang.String)
2019-05-13 14:26:18.412 DEBUG 16544 --- [http-nio-8080-exec-4] m.m.a.RequestResponseBodyMethodProcessor : Read "application/json;charset=UTF-8" to ["{"email":"admin@gmail.com","semesterID":"9","beginAt":"2019-04-28","finishAt":"2019-05-13","fileTyp (truncated)...]
2019-05-13 14:26:18.413 DEBUG 16544 --- [http-nio-8080-exec-4] o.s.w.s.m.m.a.HttpEntityMethodProcessor  : Using 'application/json', given [application/json, text/javascript, */*;q=0.01] and supported [application/json, application/*+json, application/json, application/*+json]
2019-05-13 14:26:18.413 DEBUG 16544 --- [http-nio-8080-exec-4] o.s.w.s.m.m.a.HttpEntityMethodProcessor  : Writing [{"errorCode" : "110", "description" : "Get report failed because Id can not be less than 1!"}]
2019-05-13 14:26:18.415 DEBUG 16544 --- [http-nio-8080-exec-4] o.s.web.servlet.DispatcherServlet        : Completed 400 BAD_REQUEST
2019-05-13 14:26:21.675 DEBUG 16544 --- [http-nio-8080-exec-5] s.w.s.m.m.a.RequestMappingHandlerMapping : Mapped to public org.springframework.http.ResponseEntity<?> edu.hust.controller.ReportController.getStudentGeneralReport(int,java.lang.String)
2019-05-13 14:26:21.682 DEBUG 16544 --- [http-nio-8080-exec-5] o.s.web.servlet.DispatcherServlet        : POST "/studentGeneralReport?adminID=-1", parameters={masked}
2019-05-13 14:26:21.683 DEBUG 16544 --- [http-nio-8080-exec-5] s.w.s.m.m.a.RequestMappingHandlerMapping : Mapped to public org.springframework.http.ResponseEntity<?> edu.hust.controller.ReportController.getStudentGeneralReport(int,java.lang.String)
2019-05-13 14:26:21.688 DEBUG 16544 --- [http-nio-8080-exec-5] m.m.a.RequestResponseBodyMethodProcessor : Read "application/json;charset=UTF-8" to ["{"email":"admin@gmail.com","semesterID":"6","beginAt":"2019-04-28","finishAt":"2019-05-13","fileTyp (truncated)...]
2019-05-13 14:26:21.692 DEBUG 16544 --- [http-nio-8080-exec-5] o.s.w.s.m.m.a.HttpEntityMethodProcessor  : Using 'application/json', given [application/json, text/javascript, */*;q=0.01] and supported [application/json, application/*+json, application/json, application/*+json]
2019-05-13 14:26:21.693 DEBUG 16544 --- [http-nio-8080-exec-5] o.s.w.s.m.m.a.HttpEntityMethodProcessor  : Writing [{"errorCode" : "110", "description" : "Get report failed because Id can not be less than 1!"}]
2019-05-13 14:26:21.698 DEBUG 16544 --- [http-nio-8080-exec-5] o.s.web.servlet.DispatcherServlet        : Completed 400 BAD_REQUEST
2019-05-13 14:26:22.465 DEBUG 16544 --- [http-nio-8080-exec-6] s.w.s.m.m.a.RequestMappingHandlerMapping : Mapped to public org.springframework.http.ResponseEntity<?> edu.hust.controller.ReportController.getStudentGeneralReport(int,java.lang.String)
2019-05-13 14:26:22.466 DEBUG 16544 --- [http-nio-8080-exec-6] o.s.web.servlet.DispatcherServlet        : POST "/studentGeneralReport?adminID=-1", parameters={masked}
2019-05-13 14:26:22.470 DEBUG 16544 --- [http-nio-8080-exec-6] s.w.s.m.m.a.RequestMappingHandlerMapping : Mapped to public org.springframework.http.ResponseEntity<?> edu.hust.controller.ReportController.getStudentGeneralReport(int,java.lang.String)
2019-05-13 14:26:22.476 DEBUG 16544 --- [http-nio-8080-exec-6] m.m.a.RequestResponseBodyMethodProcessor : Read "application/json;charset=UTF-8" to ["{"email":"admin@gmail.com","semesterID":"6","beginAt":"2019-04-28","finishAt":"2019-05-13","fileTyp (truncated)...]
2019-05-13 14:26:22.480 DEBUG 16544 --- [http-nio-8080-exec-6] o.s.w.s.m.m.a.HttpEntityMethodProcessor  : Using 'application/json', given [application/json, text/javascript, */*;q=0.01] and supported [application/json, application/*+json, application/json, application/*+json]
2019-05-13 14:26:22.482 DEBUG 16544 --- [http-nio-8080-exec-6] o.s.w.s.m.m.a.HttpEntityMethodProcessor  : Writing [{"errorCode" : "110", "description" : "Get report failed because Id can not be less than 1!"}]
2019-05-13 14:26:22.483 DEBUG 16544 --- [http-nio-8080-exec-6] o.s.web.servlet.DispatcherServlet        : Completed 400 BAD_REQUEST
2019-05-13 14:27:26.914 DEBUG 16544 --- [http-nio-8080-exec-7] o.s.web.servlet.DispatcherServlet        : GET "/courses/all", parameters={}
2019-05-13 14:27:26.957 DEBUG 16544 --- [http-nio-8080-exec-7] s.w.s.m.m.a.RequestMappingHandlerMapping : Mapped to public org.springframework.http.ResponseEntity<?> edu.hust.controller.CourseController.getAllCourse()
2019-05-13 14:27:27.423 DEBUG 16544 --- [http-nio-8080-exec-7] o.s.w.s.m.m.a.HttpEntityMethodProcessor  : Using 'application/json', given [application/json, application/*+json] and supported [application/json, application/*+json, application/json, application/*+json]
2019-05-13 14:27:27.426 DEBUG 16544 --- [http-nio-8080-exec-7] o.s.w.s.m.m.a.HttpEntityMethodProcessor  : Writing [[edu.hust.model.Course@6360f212, edu.hust.model.Course@3d51f98b]]
2019-05-13 14:27:27.741 DEBUG 16544 --- [http-nio-8080-exec-7] o.s.web.servlet.DispatcherServlet        : Completed 200 OK
2019-05-13 14:27:38.936 DEBUG 16544 --- [http-nio-8080-exec-9] o.s.web.servlet.DispatcherServlet        : GET "/courses/all", parameters={}
2019-05-13 14:27:38.938 DEBUG 16544 --- [http-nio-8080-exec-9] s.w.s.m.m.a.RequestMappingHandlerMapping : Mapped to public org.springframework.http.ResponseEntity<?> edu.hust.controller.CourseController.getAllCourse()
2019-05-13 14:27:38.975 DEBUG 16544 --- [http-nio-8080-exec-9] o.s.w.s.m.m.a.HttpEntityMethodProcessor  : Using 'application/json', given [application/json, application/*+json] and supported [application/json, application/*+json, application/json, application/*+json]
2019-05-13 14:27:38.976 DEBUG 16544 --- [http-nio-8080-exec-9] o.s.w.s.m.m.a.HttpEntityMethodProcessor  : Writing [[edu.hust.model.Course@7a5d974c, edu.hust.model.Course@3e6af834]]
2019-05-13 14:27:38.980 DEBUG 16544 --- [http-nio-8080-exec-9] o.s.web.servlet.DispatcherServlet        : Completed 200 OK
2019-05-13 15:28:59.722 DEBUG 16544 --- [http-nio-8080-exec-1] o.s.web.servlet.DispatcherServlet        : POST "/login", parameters={}
2019-05-13 15:28:59.818 DEBUG 16544 --- [http-nio-8080-exec-1] s.w.s.m.m.a.RequestMappingHandlerMapping : Mapped to public org.springframework.http.ResponseEntity<?> edu.hust.controller.AccountController.checkLogin(java.lang.String)
2019-05-13 15:29:00.000 DEBUG 16544 --- [http-nio-8080-exec-1] m.m.a.RequestResponseBodyMethodProcessor : Read "application/json;charset=UTF-8" to ["{"password":"1234","email":"admin@gmail.com"}"]
2019-05-13 15:29:01.002 DEBUG 16544 --- [http-nio-8080-exec-1] o.s.w.s.m.m.a.HttpEntityMethodProcessor  : Using 'application/json', given [text/plain, application/json, application/*+json, */*] and supported [application/json, application/*+json, application/json, application/*+json]
2019-05-13 15:29:01.054 DEBUG 16544 --- [http-nio-8080-exec-1] o.s.w.s.m.m.a.HttpEntityMethodProcessor  : Writing [edu.hust.model.Account@b58c360]
2019-05-13 15:29:01.090 DEBUG 16544 --- [http-nio-8080-exec-1] o.s.web.servlet.DispatcherServlet        : Completed 200 OK
